2021-05-24 12:37:52,461 WARN [restartedMain] o.s.b.w.s.c.AnnotationConfigServletWebServerApplicationContext [AbstractApplicationContext.java:557] Exception encountered during context initialization - cancelling refresh attempt: org.springframework.beans.factory.UnsatisfiedDependencyException: Error creating bean with name 'webMvcConfig': Unsatisfied dependency expressed through field 'loginTicketInterceptor'; nested exception is org.springframework.beans.factory.UnsatisfiedDependencyException: Error creating bean with name 'loginTicketInterceptor': Unsatisfied dependency expressed through field 'userService'; nested exception is org.springframework.beans.factory.UnsatisfiedDependencyException: Error creating bean with name 'userService': Unsatisfied dependency expressed through field 'userMapper'; nested exception is org.springframework.beans.factory.UnsatisfiedDependencyException: Error creating bean with name 'userMapper' defined in file [/Users/lijx/Documents/JAVA_Project/community/target/classes/com/jx/community/dao/UserMapper.class]: Unsatisfied dependency expressed through bean property 'sqlSessionFactory'; nested exception is org.springframework.beans.factory.BeanCreationException: Error creating bean with name 'sqlSessionFactory' defined in class path resource [org/mybatis/spring/boot/autoconfigure/MybatisAutoConfiguration.class]: Bean instantiation via factory method failed; nested exception is org.springframework.beans.BeanInstantiationException: Failed to instantiate [org.apache.ibatis.session.SqlSessionFactory]: Factory method 'sqlSessionFactory' threw exception; nested exception is org.springframework.core.NestedIOException: Failed to parse mapping resource: 'file [/Users/lijx/Documents/JAVA_Project/community/target/classes/mapper/comment-mapper.xml]'; nested exception is org.apache.ibatis.builder.BuilderException: Error parsing Mapper XML. The XML location is 'file [/Users/lijx/Documents/JAVA_Project/community/target/classes/mapper/comment-mapper.xml]'. Cause: org.apache.ibatis.builder.BuilderException: Error resolving class. Cause: org.apache.ibatis.type.TypeException: Could not resolve type alias 'Comment'.  Cause: java.lang.ClassNotFoundException: Cannot find class: Comment
2021-05-24 12:40:30,724 WARN [restartedMain] o.s.b.w.s.c.AnnotationConfigServletWebServerApplicationContext [AbstractApplicationContext.java:557] Exception encountered during context initialization - cancelling refresh attempt: org.springframework.beans.factory.UnsatisfiedDependencyException: Error creating bean with name 'webMvcConfig': Unsatisfied dependency expressed through field 'loginTicketInterceptor'; nested exception is org.springframework.beans.factory.UnsatisfiedDependencyException: Error creating bean with name 'loginTicketInterceptor': Unsatisfied dependency expressed through field 'userService'; nested exception is org.springframework.beans.factory.UnsatisfiedDependencyException: Error creating bean with name 'userService': Unsatisfied dependency expressed through field 'userMapper'; nested exception is org.springframework.beans.factory.UnsatisfiedDependencyException: Error creating bean with name 'userMapper' defined in file [/Users/lijx/Documents/JAVA_Project/community/target/classes/com/jx/community/dao/UserMapper.class]: Unsatisfied dependency expressed through bean property 'sqlSessionFactory'; nested exception is org.springframework.beans.factory.BeanCreationException: Error creating bean with name 'sqlSessionFactory' defined in class path resource [org/mybatis/spring/boot/autoconfigure/MybatisAutoConfiguration.class]: Bean instantiation via factory method failed; nested exception is org.springframework.beans.BeanInstantiationException: Failed to instantiate [org.apache.ibatis.session.SqlSessionFactory]: Factory method 'sqlSessionFactory' threw exception; nested exception is org.springframework.core.NestedIOException: Failed to parse mapping resource: 'file [/Users/lijx/Documents/JAVA_Project/community/target/classes/mapper/comment-mapper.xml]'; nested exception is org.apache.ibatis.builder.BuilderException: Error parsing Mapper XML. The XML location is 'file [/Users/lijx/Documents/JAVA_Project/community/target/classes/mapper/comment-mapper.xml]'. Cause: org.apache.ibatis.builder.BuilderException: Error resolving class. Cause: org.apache.ibatis.type.TypeException: Could not resolve type alias 'Comment'.  Cause: java.lang.ClassNotFoundException: Cannot find class: Comment
2021-05-24 12:41:49,330 WARN [http-nio-8080-exec-1] o.s.w.s.m.m.a.ExceptionHandlerExceptionResolver [AbstractHandlerExceptionResolver.java:198] Resolved [org.mybatis.spring.MyBatisSystemException: nested exception is org.apache.ibatis.exceptions.PersistenceException: 
### Error querying database.  Cause: org.springframework.jdbc.CannotGetJdbcConnectionException: Failed to obtain JDBC Connection; nested exception is java.sql.SQLNonTransientConnectionException: Public Key Retrieval is not allowed
### The error may exist in file [/Users/lijx/Documents/JAVA_Project/community/target/classes/mapper/discusspost-mapper.xml]
### The error may involve com.jx.community.dao.DiscussPostMapper.selectDiscussPostRows
### The error occurred while executing a query
### Cause: org.springframework.jdbc.CannotGetJdbcConnectionException: Failed to obtain JDBC Connection; nested exception is java.sql.SQLNonTransientConnectionException: Public Key Retrieval is not allowed]
2021-05-24 12:41:56,139 WARN [http-nio-8080-exec-6] o.s.w.s.m.m.a.ExceptionHandlerExceptionResolver [AbstractHandlerExceptionResolver.java:198] Resolved [org.mybatis.spring.MyBatisSystemException: nested exception is org.apache.ibatis.exceptions.PersistenceException: 
### Error querying database.  Cause: org.springframework.jdbc.CannotGetJdbcConnectionException: Failed to obtain JDBC Connection; nested exception is java.sql.SQLNonTransientConnectionException: Public Key Retrieval is not allowed
### The error may exist in file [/Users/lijx/Documents/JAVA_Project/community/target/classes/mapper/discusspost-mapper.xml]
### The error may involve com.jx.community.dao.DiscussPostMapper.selectDiscussPostRows
### The error occurred while executing a query
### Cause: org.springframework.jdbc.CannotGetJdbcConnectionException: Failed to obtain JDBC Connection; nested exception is java.sql.SQLNonTransientConnectionException: Public Key Retrieval is not allowed]
2021-05-24 12:43:11,163 WARN [http-nio-8080-exec-9] o.s.w.s.m.m.a.ExceptionHandlerExceptionResolver [AbstractHandlerExceptionResolver.java:198] Resolved [org.springframework.data.redis.RedisConnectionFailureException: Unable to connect to Redis; nested exception is io.lettuce.core.RedisConnectionException: Unable to connect to localhost/<unresolved>:6379]
2021-05-24 12:55:39,128 WARN [http-nio-8080-exec-1] o.s.w.s.m.m.a.ExceptionHandlerExceptionResolver [AbstractHandlerExceptionResolver.java:198] Resolved [org.springframework.data.redis.RedisConnectionFailureException: Unable to connect to Redis; nested exception is io.lettuce.core.RedisConnectionException: Unable to connect to localhost/<unresolved>:6379]
2021-05-24 13:10:02,640 WARN [http-nio-8080-exec-1] o.s.w.s.m.m.a.ExceptionHandlerExceptionResolver [AbstractHandlerExceptionResolver.java:198] Resolved [org.springframework.mail.MailSendException: Mail server connection failed; nested exception is javax.mail.MessagingException: Could not connect to SMTP host: smtp.mailtrap.io, port: 2525;
  nested exception is:
	javax.net.ssl.SSLException: Unsupported or unrecognized SSL message. Failed messages: javax.mail.MessagingException: Could not connect to SMTP host: smtp.mailtrap.io, port: 2525;
  nested exception is:
	javax.net.ssl.SSLException: Unsupported or unrecognized SSL message; message exceptions (1) are:
Failed message 1: javax.mail.MessagingException: Could not connect to SMTP host: smtp.mailtrap.io, port: 2525;
  nested exception is:
	javax.net.ssl.SSLException: Unsupported or unrecognized SSL message]
2021-05-24 14:20:43,970 WARN [HikariPool-1 housekeeper] c.z.h.p.HikariPool [HikariPool.java:766] HikariPool-1 - Thread starvation or clock leap detected (housekeeper delta=1m48s886ms).
2021-05-24 14:22:08,429 WARN [HikariPool-1 housekeeper] c.z.h.p.HikariPool [HikariPool.java:766] HikariPool-1 - Thread starvation or clock leap detected (housekeeper delta=54s97ms).
2021-05-24 14:49:36,193 WARN [HikariPool-1 housekeeper] c.z.h.p.HikariPool [HikariPool.java:766] HikariPool-1 - Thread starvation or clock leap detected (housekeeper delta=26m57s752ms).
2021-05-24 15:19:33,904 WARN [HikariPool-1 housekeeper] c.z.h.p.HikariPool [HikariPool.java:766] HikariPool-1 - Thread starvation or clock leap detected (housekeeper delta=16m57s610ms).
2021-05-24 15:35:57,599 WARN [HikariPool-1 housekeeper] c.z.h.p.HikariPool [HikariPool.java:766] HikariPool-1 - Thread starvation or clock leap detected (housekeeper delta=15m53s679ms).
2021-05-24 15:37:52,014 WARN [HikariPool-1 housekeeper] c.z.h.p.HikariPool [HikariPool.java:766] HikariPool-1 - Thread starvation or clock leap detected (housekeeper delta=54s396ms).
2021-05-24 15:52:15,318 WARN [HikariPool-1 housekeeper] c.z.h.p.HikariPool [HikariPool.java:766] HikariPool-1 - Thread starvation or clock leap detected (housekeeper delta=14m23s304ms).
2021-05-24 17:30:45,624 WARN [http-nio-8080-exec-10] o.s.w.s.m.m.a.ExceptionHandlerExceptionResolver [AbstractHandlerExceptionResolver.java:198] Resolved [org.springframework.web.method.annotation.MethodArgumentTypeMismatchException: Failed to convert value of type 'java.lang.String' to required type 'int'; nested exception is java.lang.NumberFormatException: For input string: "profile.html"]
2021-05-24 17:31:03,001 WARN [http-nio-8080-exec-10] o.s.w.s.m.m.a.ExceptionHandlerExceptionResolver [AbstractHandlerExceptionResolver.java:198] Resolved [org.springframework.web.method.annotation.MethodArgumentTypeMismatchException: Failed to convert value of type 'java.lang.String' to required type 'int'; nested exception is java.lang.NumberFormatException: For input string: "profile.html"]
2021-05-24 17:31:10,989 WARN [http-nio-8080-exec-5] o.s.w.s.m.m.a.ExceptionHandlerExceptionResolver [AbstractHandlerExceptionResolver.java:198] Resolved [org.springframework.web.method.annotation.MethodArgumentTypeMismatchException: Failed to convert value of type 'java.lang.String' to required type 'int'; nested exception is java.lang.NumberFormatException: For input string: "profile.html"]
2021-05-24 17:31:20,124 WARN [http-nio-8080-exec-4] o.s.w.s.m.m.a.ExceptionHandlerExceptionResolver [AbstractHandlerExceptionResolver.java:198] Resolved [org.springframework.web.method.annotation.MethodArgumentTypeMismatchException: Failed to convert value of type 'java.lang.String' to required type 'int'; nested exception is java.lang.NumberFormatException: For input string: "profile.html"]
2021-05-24 18:05:45,587 WARN [HikariPool-1 housekeeper] c.z.h.p.HikariPool [HikariPool.java:766] HikariPool-1 - Thread starvation or clock leap detected (housekeeper delta=9m26s768ms).
2021-05-24 18:44:13,082 WARN [HikariPool-1 housekeeper] c.z.h.p.HikariPool [HikariPool.java:766] HikariPool-1 - Thread starvation or clock leap detected (housekeeper delta=2m57s185ms).
2021-05-24 19:24:12,001 WARN [HikariPool-1 housekeeper] c.z.h.p.HikariPool [HikariPool.java:766] HikariPool-1 - Thread starvation or clock leap detected (housekeeper delta=12m28s697ms).
2021-05-24 19:41:46,971 WARN [HikariPool-1 housekeeper] c.z.h.p.HikariPool [HikariPool.java:766] HikariPool-1 - Thread starvation or clock leap detected (housekeeper delta=17m34s970ms).
2021-05-24 19:58:58,613 WARN [HikariPool-1 housekeeper] c.z.h.p.HikariPool [HikariPool.java:766] HikariPool-1 - Thread starvation or clock leap detected (housekeeper delta=16m41s630ms).
2021-05-24 20:02:35,491 WARN [HikariPool-1 housekeeper] c.z.h.p.HikariPool [HikariPool.java:766] HikariPool-1 - Thread starvation or clock leap detected (housekeeper delta=3m6s883ms).
2021-05-24 20:20:54,174 WARN [HikariPool-1 housekeeper] c.z.h.p.HikariPool [HikariPool.java:766] HikariPool-1 - Thread starvation or clock leap detected (housekeeper delta=17m48s676ms).
2021-05-24 20:22:40,671 WARN [HikariPool-1 housekeeper] c.z.h.p.HikariPool [HikariPool.java:766] HikariPool-1 - Thread starvation or clock leap detected (housekeeper delta=1m16s494ms).
2021-05-24 20:48:51,874 WARN [http-nio-8080-exec-10] o.s.w.s.m.m.a.ExceptionHandlerExceptionResolver [AbstractHandlerExceptionResolver.java:198] Resolved [org.springframework.web.method.annotation.MethodArgumentTypeMismatchException: Failed to convert value of type 'java.lang.String' to required type 'int'; nested exception is java.lang.NumberFormatException: For input string: "my-post.html"]
2021-05-24 20:49:13,327 WARN [http-nio-8080-exec-3] o.s.w.s.m.m.a.ExceptionHandlerExceptionResolver [AbstractHandlerExceptionResolver.java:198] Resolved [org.springframework.web.method.annotation.MethodArgumentTypeMismatchException: Failed to convert value of type 'java.lang.String' to required type 'int'; nested exception is java.lang.NumberFormatException: For input string: "my-reply.html"]
2021-05-24 20:49:38,560 WARN [http-nio-8080-exec-5] o.s.w.s.m.m.a.ExceptionHandlerExceptionResolver [AbstractHandlerExceptionResolver.java:198] Resolved [org.springframework.web.method.annotation.MethodArgumentTypeMismatchException: Failed to convert value of type 'java.lang.String' to required type 'int'; nested exception is java.lang.NumberFormatException: For input string: "my-post.html"]
